<?xml version="1.0" encoding="UTF-8"?>
<robot generator="Robot 4.1.1 (Python 3.9.7 on win32)" generated="20210922 22:43:40.369" rpa="false" schemaversion="2">
<suite id="s1" name="Tests" source="E:\Projetos\Desafio Noesis\Automation-Mobile\tests">
<suite id="s1-s1" name="loginTest" source="E:\Projetos\Desafio Noesis\Automation-Mobile\tests\loginTest.robot">
<test id="s1-s1-t1" name="Deve tentar se autenticar com uma senha invalida">
<kw name="Open Test Application" library="appiumDriver" type="SETUP">
<kw name="Set Appium Timeout" library="AppiumLibrary">
<arg>5</arg>
<doc>Sets the timeout in seconds used by various keywords.</doc>
<status status="PASS" starttime="20210922 22:43:40.662" endtime="20210922 22:43:40.663"/>
</kw>
<kw name="Open Application" library="AppiumLibrary">
<arg>http://127.0.0.1:4723/wd/hub</arg>
<arg>automationName=${ANDROID_AUTOMATION_NAME}</arg>
<arg>platformName=${ANDROID_PLATFORM_NAME}</arg>
<arg>platformVersion=${ANDROID_PLATFORM_VERSION}</arg>
<arg>app=${ANDROID_APP}</arg>
<arg>deviceName=${ANDROID_DEVICE_NAME}</arg>
<doc>Opens a new application to given Appium server.
Capabilities of appium server, Android and iOS,
Please check https://github.com/appium/appium/blob/master/docs/en/writing-running-appium/server-args.md
| *Option*            | *Man.* | *Description*     |
| remote_url          | Yes    | Appium server url |
| alias               | no     | alias             |</doc>
<status status="PASS" starttime="20210922 22:43:40.663" endtime="20210922 22:43:51.013"/>
</kw>
<status status="PASS" starttime="20210922 22:43:40.662" endtime="20210922 22:43:51.013"/>
</kw>
<kw name="Valida Tela de Login" library="loginTestPage">
<kw name="Wait Until Element Is Visible" library="AppiumLibrary">
<arg>${MENSAGEM_LOGIN}</arg>
<doc>Waits until element specified with `locator` is visible.</doc>
<status status="PASS" starttime="20210922 22:43:51.014" endtime="20210922 22:43:52.778"/>
</kw>
<kw name="Get Text" library="AppiumLibrary">
<var>${BEM_VINDO}</var>
<arg>${MENSAGEM_LOGIN}</arg>
<doc>Get element text (for hybrid and mobile browser use `xpath` locator, others might cause problem)</doc>
<msg timestamp="20210922 22:43:52.852" level="INFO">Element 'xpath=//*/android.view.ViewGroup[2]/android.widget.TextView[1]' text is 'Olá, vamos testar o Login?' </msg>
<msg timestamp="20210922 22:43:52.852" level="INFO">${BEM_VINDO} = Olá, vamos testar o Login?</msg>
<status status="PASS" starttime="20210922 22:43:52.778" endtime="20210922 22:43:52.852"/>
</kw>
<kw name="Log" library="BuiltIn">
<arg>${BEM_VINDO}</arg>
<doc>Logs the given message with the given level.</doc>
<msg timestamp="20210922 22:43:52.853" level="INFO">Olá, vamos testar o Login?</msg>
<status status="PASS" starttime="20210922 22:43:52.852" endtime="20210922 22:43:52.853"/>
</kw>
<kw name="Element Should Contain Text" library="AppiumLibrary">
<arg>${MENSAGEM_LOGIN}</arg>
<arg>Olá, vamos testar o Login?</arg>
<doc>Verifies element identified by ``locator`` contains text ``expected``.</doc>
<msg timestamp="20210922 22:43:52.855" level="INFO">Verifying element 'xpath=//*/android.view.ViewGroup[2]/android.widget.TextView[1]' contains text 'Olá, vamos testar o Login?'.</msg>
<status status="PASS" starttime="20210922 22:43:52.853" endtime="20210922 22:43:52.922"/>
</kw>
<status status="PASS" starttime="20210922 22:43:51.013" endtime="20210922 22:43:52.923"/>
</kw>
<kw name="Senha Invalida" library="loginTestPage">
<kw name="Input Text" library="AppiumLibrary">
<arg>${LOGIN}</arg>
<arg>admin</arg>
<doc>Types the given `text` into text field identified by `locator`.</doc>
<msg timestamp="20210922 22:43:52.926" level="INFO">Typing text 'admin' into text field 'xpath=//*/android.view.ViewGroup[2]/android.view.ViewGroup[1]/android.widget.EditText'</msg>
<status status="PASS" starttime="20210922 22:43:52.923" endtime="20210922 22:43:53.519"/>
</kw>
<kw name="Input Text" library="AppiumLibrary">
<arg>${SENHA}</arg>
<arg>123456</arg>
<doc>Types the given `text` into text field identified by `locator`.</doc>
<msg timestamp="20210922 22:43:53.522" level="INFO">Typing text '123456' into text field 'xpath=//*/android.view.ViewGroup[2]/android.view.ViewGroup[2]/android.widget.EditText'</msg>
<status status="PASS" starttime="20210922 22:43:53.520" endtime="20210922 22:43:54.610"/>
</kw>
<kw name="Click Element" library="AppiumLibrary">
<arg>${SUBMIT}</arg>
<doc>Click element identified by `locator`.</doc>
<msg timestamp="20210922 22:43:54.615" level="INFO">Clicking element 'xpath=//*/android.view.ViewGroup[2]/android.view.ViewGroup[3]/android.widget.Button'.</msg>
<status status="PASS" starttime="20210922 22:43:54.611" endtime="20210922 22:43:55.191"/>
</kw>
<status status="PASS" starttime="20210922 22:43:52.923" endtime="20210922 22:43:55.191"/>
</kw>
<kw name="Validar mensagem" library="loginTestPage">
<arg>Usuario e/ou senha incorreto</arg>
<kw name="Wait Until Element Is Visible" library="AppiumLibrary">
<arg>${ALERTA_MENSAGEM}</arg>
<doc>Waits until element specified with `locator` is visible.</doc>
<status status="PASS" starttime="20210922 22:43:55.192" endtime="20210922 22:43:56.018"/>
</kw>
<kw name="Get Text" library="AppiumLibrary">
<var>${MENSAGEM_ATUAL}</var>
<arg>${ALERTA_MENSAGEM}</arg>
<doc>Get element text (for hybrid and mobile browser use `xpath` locator, others might cause problem)</doc>
<msg timestamp="20210922 22:43:56.061" level="INFO">Element 'id=android:id/alertTitle' text is 'Usuario e/ou senha incorreto' </msg>
<msg timestamp="20210922 22:43:56.061" level="INFO">${MENSAGEM_ATUAL} = Usuario e/ou senha incorreto</msg>
<status status="PASS" starttime="20210922 22:43:56.018" endtime="20210922 22:43:56.061"/>
</kw>
<kw name="Log" library="BuiltIn">
<arg>${MENSAGEM_ATUAL}</arg>
<doc>Logs the given message with the given level.</doc>
<msg timestamp="20210922 22:43:56.062" level="INFO">Usuario e/ou senha incorreto</msg>
<status status="PASS" starttime="20210922 22:43:56.061" endtime="20210922 22:43:56.062"/>
</kw>
<kw name="Element Text Should Be" library="AppiumLibrary">
<arg>${ALERTA_MENSAGEM}</arg>
<arg>${MENSAGEM_ESPERADA}</arg>
<doc>Verifies element identified by ``locator`` exactly contains text ``expected``.</doc>
<msg timestamp="20210922 22:43:56.065" level="INFO">Verifying element 'id=android:id/alertTitle' contains exactly text 'Usuario e/ou senha incorreto'.</msg>
<status status="PASS" starttime="20210922 22:43:56.062" endtime="20210922 22:43:56.102"/>
</kw>
<kw name="Page Should Contain Text" library="AppiumLibrary">
<arg>${MENSAGEM_ATUAL}</arg>
<doc>Verifies that current page contains `text`.</doc>
<msg timestamp="20210922 22:43:56.203" level="INFO">Current page contains text 'Usuario e/ou senha incorreto'.</msg>
<status status="PASS" starttime="20210922 22:43:56.102" endtime="20210922 22:43:56.203"/>
</kw>
<status status="PASS" starttime="20210922 22:43:55.191" endtime="20210922 22:43:56.203"/>
</kw>
<kw name="Close Test Application" library="appiumDriver" type="TEARDOWN">
<kw name="Close Application" library="AppiumLibrary">
<doc>Closes the current application and also close webdriver session.</doc>
<status status="PASS" starttime="20210922 22:43:56.204" endtime="20210922 22:43:56.580"/>
</kw>
<status status="PASS" starttime="20210922 22:43:56.204" endtime="20210922 22:43:56.581"/>
</kw>
<status status="PASS" starttime="20210922 22:43:40.661" endtime="20210922 22:43:56.581"/>
</test>
<doc>O desafio consiste em criar um projeto de automação mobile, para um APK Android.</doc>
<status status="PASS" starttime="20210922 22:43:40.421" endtime="20210922 22:43:56.582"/>
</suite>
<status status="PASS" starttime="20210922 22:43:40.373" endtime="20210922 22:43:56.584"/>
</suite>
<statistics>
<total>
<stat pass="1" fail="0" skip="0">All Tests</stat>
</total>
<tag>
</tag>
<suite>
<stat pass="1" fail="0" skip="0" id="s1" name="Tests">Tests</stat>
<stat pass="1" fail="0" skip="0" id="s1-s1" name="loginTest">Tests.loginTest</stat>
</suite>
</statistics>
<errors>
</errors>
</robot>
