<?xml version="1.0" encoding="UTF-8"?>
<robot generator="Robot 4.1.1 (Python 3.9.7 on win32)" generated="20210921 20:41:33.011" rpa="false" schemaversion="2">
<suite id="s1" name="Tests" source="E:\Projetos\Desafio Noesis\Automation-Web\tests">
<suite id="s1-s1" name="TS Cenario 1" source="E:\Projetos\Desafio Noesis\Automation-Web\tests\TS_Cenario_1.robot">
<test id="s1-s1-t1" name="Cenario 01: Deve validar a apresentação dos resultados com a Especialidade e Cidade">
<kw name="Open session" library="driverFactory" type="SETUP">
<kw name="Open Browser" library="SeleniumLibrary">
<arg>${URL}</arg>
<arg>${BROWSER}</arg>
<doc>Opens a new browser instance to the optional ``url``.</doc>
<msg timestamp="20210921 20:41:33.324" level="INFO">Opening browser 'chrome' to base url 'https://www.unimed.coop.br'.</msg>
<status status="PASS" starttime="20210921 20:41:33.323" endtime="20210921 20:41:39.112"/>
</kw>
<status status="PASS" starttime="20210921 20:41:33.323" endtime="20210921 20:41:39.113"/>
</kw>
<kw name="Dado" library="cucumber-PTBr">
<arg>que eu esteja na Home Page da Unimed</arg>
<kw name="Run Keyword" library="BuiltIn">
<arg>${keyword}</arg>
<doc>Executes the given keyword with the given arguments.</doc>
<kw name="que eu esteja na Home Page da Unimed" library="cenario_1Page">
<kw name="Get Title" library="SeleniumLibrary">
<var>${PAGE_TITLE}</var>
<doc>Returns the title of the current page.</doc>
<msg timestamp="20210921 20:41:39.131" level="INFO">${PAGE_TITLE} = Home - Site Institucional</msg>
<status status="PASS" starttime="20210921 20:41:39.116" endtime="20210921 20:41:39.131"/>
</kw>
<kw name="Should Be Equal" library="BuiltIn">
<arg>${PAGE_TITLE}</arg>
<arg>Home - Site Institucional</arg>
<doc>Fails if the given objects are unequal.</doc>
<status status="PASS" starttime="20210921 20:41:39.131" endtime="20210921 20:41:39.132"/>
</kw>
<status status="PASS" starttime="20210921 20:41:39.115" endtime="20210921 20:41:39.133"/>
</kw>
<status status="PASS" starttime="20210921 20:41:39.114" endtime="20210921 20:41:39.133"/>
</kw>
<status status="PASS" starttime="20210921 20:41:39.113" endtime="20210921 20:41:39.133"/>
</kw>
<kw name="E" library="cucumber-PTBr">
<arg>clicar em "Consulte agora"</arg>
<kw name="Run Keyword" library="BuiltIn">
<arg>${keyword}</arg>
<doc>Executes the given keyword with the given arguments.</doc>
<kw name="clicar em &quot;Consulte agora&quot;" library="cenario_1Page" sourcename="clicar em &quot;${CONSULTE_AGORA}&quot;">
<kw name="Page Should Contain" library="SeleniumLibrary">
<arg>${CONSULTE_AGORA}</arg>
<doc>Verifies that current page contains ``text``.</doc>
<msg timestamp="20210921 20:41:39.179" level="INFO">Current page contains text 'Consulte agora'.</msg>
<status status="PASS" starttime="20210921 20:41:39.136" endtime="20210921 20:41:39.179"/>
</kw>
<kw name="Click Element" library="SeleniumLibrary">
<arg>${BOTAO_CONSULTA}</arg>
<doc>Click the element identified by ``locator``.</doc>
<msg timestamp="20210921 20:41:39.180" level="INFO">Clicking element 'id=fragment-oimm-link'.</msg>
<status status="PASS" starttime="20210921 20:41:39.179" endtime="20210921 20:41:42.187"/>
</kw>
<status status="PASS" starttime="20210921 20:41:39.135" endtime="20210921 20:41:42.187"/>
</kw>
<status status="PASS" starttime="20210921 20:41:39.134" endtime="20210921 20:41:42.188"/>
</kw>
<status status="PASS" starttime="20210921 20:41:39.133" endtime="20210921 20:41:42.188"/>
</kw>
<kw name="E" library="cucumber-PTBr">
<arg>acessar a aba de "Busca detalhada"</arg>
<kw name="Run Keyword" library="BuiltIn">
<arg>${keyword}</arg>
<doc>Executes the given keyword with the given arguments.</doc>
<kw name="acessar a aba de &quot;Busca detalhada&quot;" library="cenario_1Page" sourcename="acessar a aba de &quot;${BUSCA_DETALHADA}&quot;">
<kw name="Get Title" library="SeleniumLibrary">
<var>${PAGE_TITLE}</var>
<doc>Returns the title of the current page.</doc>
<msg timestamp="20210921 20:41:42.198" level="INFO">${PAGE_TITLE} = Guia Médico - Site Institucional</msg>
<status status="PASS" starttime="20210921 20:41:42.190" endtime="20210921 20:41:42.199"/>
</kw>
<kw name="Should Be Equal" library="BuiltIn">
<arg>${PAGE_TITLE}</arg>
<arg>Guia Médico - Site Institucional</arg>
<doc>Fails if the given objects are unequal.</doc>
<status status="PASS" starttime="20210921 20:41:42.199" endtime="20210921 20:41:42.200"/>
</kw>
<kw name="Element Should Contain" library="SeleniumLibrary">
<arg>${HEADING_TITLE}</arg>
<arg>Encontre um médico</arg>
<doc>Verifies that element ``locator`` contains text ``expected``.</doc>
<msg timestamp="20210921 20:41:42.276" level="INFO">Element 'xpath=//*/div/h1[@class="Heading--title"]' contains text 'Encontre um médico'.</msg>
<status status="PASS" starttime="20210921 20:41:42.200" endtime="20210921 20:41:42.276"/>
</kw>
<kw name="Element Should Contain" library="SeleniumLibrary">
<arg>${HEADING_SUB_TITLE}</arg>
<arg>E outros recursos da Unimed, sempre perto de você</arg>
<doc>Verifies that element ``locator`` contains text ``expected``.</doc>
<msg timestamp="20210921 20:41:42.362" level="INFO">Element 'xpath=//*/div/h2[@class="Heading--sub-title"]' contains text 'E outros recursos da Unimed, sempre perto de você'.</msg>
<status status="PASS" starttime="20210921 20:41:42.276" endtime="20210921 20:41:42.362"/>
</kw>
<kw name="Click Element" library="SeleniumLibrary">
<arg>${BOTAO_BUSCA_DETALHADA}</arg>
<doc>Click the element identified by ``locator``.</doc>
<msg timestamp="20210921 20:41:42.362" level="INFO">Clicking element 'id=react-tabs-2'.</msg>
<status status="PASS" starttime="20210921 20:41:42.362" endtime="20210921 20:41:42.665"/>
</kw>
<status status="PASS" starttime="20210921 20:41:42.189" endtime="20210921 20:41:42.666"/>
</kw>
<status status="PASS" starttime="20210921 20:41:42.189" endtime="20210921 20:41:42.666"/>
</kw>
<status status="PASS" starttime="20210921 20:41:42.188" endtime="20210921 20:41:42.666"/>
</kw>
<kw name="E" library="cucumber-PTBr">
<arg>pesquisar pelo estado do "Rio de Janeiro"</arg>
<kw name="Run Keyword" library="BuiltIn">
<arg>${keyword}</arg>
<doc>Executes the given keyword with the given arguments.</doc>
<kw name="pesquisar pelo estado do &quot;Rio de Janeiro&quot;" library="cenario_1Page" sourcename="pesquisar pelo estado do &quot;${RIO_DE_JANEIRO}&quot;">
<kw name="Wait Until Element Is Visible" library="SeleniumLibrary">
<arg>${SELECT_ESTADO}</arg>
<doc>Waits until the element ``locator`` is visible.</doc>
<status status="PASS" starttime="20210921 20:41:42.670" endtime="20210921 20:41:42.774"/>
</kw>
<kw name="Click Element" library="SeleniumLibrary">
<arg>${SELECT_ESTADO}</arg>
<doc>Click the element identified by ``locator``.</doc>
<msg timestamp="20210921 20:41:42.775" level="INFO">Clicking element 'xpath=//div[@id="province-input"]/div/div'.</msg>
<status status="PASS" starttime="20210921 20:41:42.775" endtime="20210921 20:41:43.123"/>
</kw>
<kw name="Wait Until Element Is Visible" library="SeleniumLibrary">
<arg>${RIO}</arg>
<doc>Waits until the element ``locator`` is visible.</doc>
<status status="PASS" starttime="20210921 20:41:43.123" endtime="20210921 20:41:43.195"/>
</kw>
<kw name="Click Element" library="SeleniumLibrary">
<arg>${RIO}</arg>
<doc>Click the element identified by ``locator``.</doc>
<msg timestamp="20210921 20:41:43.196" level="INFO">Clicking element 'id=react-select-4-option-18'.</msg>
<status status="PASS" starttime="20210921 20:41:43.195" endtime="20210921 20:41:43.345"/>
</kw>
<status status="PASS" starttime="20210921 20:41:42.669" endtime="20210921 20:41:43.346"/>
</kw>
<status status="PASS" starttime="20210921 20:41:42.668" endtime="20210921 20:41:43.346"/>
</kw>
<status status="PASS" starttime="20210921 20:41:42.667" endtime="20210921 20:41:43.346"/>
</kw>
<kw name="Quando" library="cucumber-PTBr">
<arg>eu efetuar a buscar pelo estado selecionado</arg>
<kw name="Run Keyword" library="BuiltIn">
<arg>${keyword}</arg>
<doc>Executes the given keyword with the given arguments.</doc>
<kw name="eu efetuar a buscar pelo estado selecionado" library="cenario_1Page">
<kw name="Wait Until Element Is Visible" library="SeleniumLibrary">
<arg>${BOTAO_PESQUISAR}</arg>
<doc>Waits until the element ``locator`` is visible.</doc>
<status status="PASS" starttime="20210921 20:41:43.349" endtime="20210921 20:41:43.419"/>
</kw>
<kw name="Click Element" library="SeleniumLibrary">
<arg>${BOTAO_PESQUISAR}</arg>
<doc>Click the element identified by ``locator``.</doc>
<msg timestamp="20210921 20:41:43.420" level="INFO">Clicking element 'xpath=//*/button[@type="submit"][text()="Pesquisar"]'.</msg>
<status status="PASS" starttime="20210921 20:41:43.419" endtime="20210921 20:41:43.702"/>
</kw>
<kw name="Sleep" library="BuiltIn">
<arg>5</arg>
<doc>Pauses the test executed for the given time.</doc>
<msg timestamp="20210921 20:41:48.702" level="INFO">Slept 5 seconds</msg>
<status status="PASS" starttime="20210921 20:41:43.702" endtime="20210921 20:41:48.702"/>
</kw>
<kw name="Get Text" library="SeleniumLibrary">
<var>${TEXTO}</var>
<arg>${TEXTO_BUSCA}</arg>
<doc>Returns the text value of the element identified by ``locator``.</doc>
<msg timestamp="20210921 20:41:48.734" level="INFO">${TEXTO} = Foram encontrados 10860 resultados da sua busca.</msg>
<status status="PASS" starttime="20210921 20:41:48.702" endtime="20210921 20:41:48.734"/>
</kw>
<kw name="Log" library="BuiltIn">
<arg>${TEXTO}</arg>
<doc>Logs the given message with the given level.</doc>
<msg timestamp="20210921 20:41:48.734" level="INFO">Foram encontrados 10860 resultados da sua busca.</msg>
<status status="PASS" starttime="20210921 20:41:48.734" endtime="20210921 20:41:48.734"/>
</kw>
<status status="PASS" starttime="20210921 20:41:43.348" endtime="20210921 20:41:48.735"/>
</kw>
<status status="PASS" starttime="20210921 20:41:43.347" endtime="20210921 20:41:48.735"/>
</kw>
<status status="PASS" starttime="20210921 20:41:43.346" endtime="20210921 20:41:48.735"/>
</kw>
<kw name="Então" library="cucumber-PTBr">
<arg>devo validar a apresentação dos resultados com a Especialidade e Cidade</arg>
<kw name="Run Keyword" library="BuiltIn">
<arg>${keyword}</arg>
<doc>Executes the given keyword with the given arguments.</doc>
<kw name="devo validar a apresentação dos resultados com a Especialidade e Cidade" library="cenario_1Page">
<kw name="Sleep" library="BuiltIn">
<arg>5</arg>
<doc>Pauses the test executed for the given time.</doc>
<msg timestamp="20210921 20:41:53.738" level="INFO">Slept 5 seconds</msg>
<status status="PASS" starttime="20210921 20:41:48.736" endtime="20210921 20:41:53.738"/>
</kw>
<kw name="Get Text" library="SeleniumLibrary">
<var>${VALIDA_LOCALIZACAO}</var>
<arg>${LOCALIZACAO}</arg>
<doc>Returns the text value of the element identified by ``locator``.</doc>
<msg timestamp="20210921 20:41:53.799" level="INFO">${VALIDA_LOCALIZACAO} = Centro, Porciúncula/RJ
1949.15km de você</msg>
<status status="PASS" starttime="20210921 20:41:53.739" endtime="20210921 20:41:53.799"/>
</kw>
<kw name="Log" library="BuiltIn">
<arg>${VALIDA_LOCALIZACAO}</arg>
<doc>Logs the given message with the given level.</doc>
<msg timestamp="20210921 20:41:53.800" level="INFO">Centro, Porciúncula/RJ
1949.15km de você</msg>
<status status="PASS" starttime="20210921 20:41:53.800" endtime="20210921 20:41:53.800"/>
</kw>
<kw name="Element Should Contain" library="SeleniumLibrary">
<arg>${LOCALIZACAO}</arg>
<arg>Centro, Porciúncula/RJ</arg>
<doc>Verifies that element ``locator`` contains text ``expected``.</doc>
<msg timestamp="20210921 20:41:53.828" level="INFO">Element 'xpath=//*/div[@class="ProviderAddressColumn col-lg-7"]' contains text 'Centro, Porciúncula/RJ'.</msg>
<status status="PASS" starttime="20210921 20:41:53.800" endtime="20210921 20:41:53.828"/>
</kw>
<status status="PASS" starttime="20210921 20:41:48.736" endtime="20210921 20:41:53.828"/>
</kw>
<status status="PASS" starttime="20210921 20:41:48.736" endtime="20210921 20:41:53.828"/>
</kw>
<status status="PASS" starttime="20210921 20:41:48.735" endtime="20210921 20:41:53.829"/>
</kw>
<kw name="Close session" library="driverFactory" type="TEARDOWN">
<kw name="Close Browser" library="SeleniumLibrary">
<doc>Closes the current browser.</doc>
<status status="PASS" starttime="20210921 20:41:53.830" endtime="20210921 20:41:55.934"/>
</kw>
<status status="PASS" starttime="20210921 20:41:53.829" endtime="20210921 20:41:55.935"/>
</kw>
<status status="PASS" starttime="20210921 20:41:33.322" endtime="20210921 20:41:55.935"/>
</test>
<doc>No site https://www.unimed.coop.br/ validar a seguinte sequência de ações</doc>
<status status="PASS" starttime="20210921 20:41:33.048" endtime="20210921 20:41:55.937"/>
</suite>
<status status="PASS" starttime="20210921 20:41:33.013" endtime="20210921 20:41:55.941"/>
</suite>
<statistics>
<total>
<stat pass="1" fail="0" skip="0">All Tests</stat>
</total>
<tag>
</tag>
<suite>
<stat pass="1" fail="0" skip="0" id="s1" name="Tests">Tests</stat>
<stat pass="1" fail="0" skip="0" id="s1-s1" name="TS Cenario 1">Tests.TS Cenario 1</stat>
</suite>
</statistics>
<errors>
</errors>
</robot>
