<?xml version="1.0" encoding="UTF-8"?>
<robot generator="Robot 4.1.1 (Python 3.9.7 on win32)" generated="20210922 23:15:41.534" rpa="false" schemaversion="2">
<suite id="s1" name="loginTest" source="E:\Projetos\Desafio Noesis\Automation-Mobile\tests\loginTest.robot">
<test id="s1-t1" name="Deve acessar o aplicativo e validar a tela de login">
<kw name="Open Test Application" library="appiumDriver" type="SETUP">
<kw name="Set Appium Timeout" library="AppiumLibrary">
<arg>5</arg>
<doc>Sets the timeout in seconds used by various keywords.</doc>
<status status="PASS" starttime="20210922 23:15:41.829" endtime="20210922 23:15:41.830"/>
</kw>
<kw name="Open Application" library="AppiumLibrary">
<arg>http://127.0.0.1:4723/wd/hub</arg>
<arg>automationName=${ANDROID_AUTOMATION_NAME}</arg>
<arg>platformName=${ANDROID_PLATFORM_NAME}</arg>
<arg>platformVersion=${ANDROID_PLATFORM_VERSION}</arg>
<arg>app=${ANDROID_APP}</arg>
<arg>deviceName=${ANDROID_DEVICE_NAME}</arg>
<doc>Opens a new application to given Appium server.
Capabilities of appium server, Android and iOS,
Please check https://github.com/appium/appium/blob/master/docs/en/writing-running-appium/server-args.md
| *Option*            | *Man.* | *Description*     |
| remote_url          | Yes    | Appium server url |
| alias               | no     | alias             |</doc>
<status status="PASS" starttime="20210922 23:15:41.830" endtime="20210922 23:15:51.939"/>
</kw>
<status status="PASS" starttime="20210922 23:15:41.829" endtime="20210922 23:15:51.940"/>
</kw>
<kw name="Valida Tela de Login" library="loginTestPage">
<kw name="Wait Until Element Is Visible" library="AppiumLibrary">
<arg>${MENSAGEM_LOGIN}</arg>
<doc>Waits until element specified with `locator` is visible.</doc>
<status status="PASS" starttime="20210922 23:15:51.940" endtime="20210922 23:15:53.933"/>
</kw>
<kw name="Get Text" library="AppiumLibrary">
<var>${BEM_VINDO}</var>
<arg>${MENSAGEM_LOGIN}</arg>
<doc>Get element text (for hybrid and mobile browser use `xpath` locator, others might cause problem)</doc>
<msg timestamp="20210922 23:15:54.009" level="INFO">Element 'xpath=//*/android.view.ViewGroup[2]/android.widget.TextView[1]' text is 'Olá, vamos testar o Login?' </msg>
<msg timestamp="20210922 23:15:54.010" level="INFO">${BEM_VINDO} = Olá, vamos testar o Login?</msg>
<status status="PASS" starttime="20210922 23:15:53.933" endtime="20210922 23:15:54.010"/>
</kw>
<kw name="Log" library="BuiltIn">
<arg>${BEM_VINDO}</arg>
<doc>Logs the given message with the given level.</doc>
<msg timestamp="20210922 23:15:54.010" level="INFO">Olá, vamos testar o Login?</msg>
<status status="PASS" starttime="20210922 23:15:54.010" endtime="20210922 23:15:54.010"/>
</kw>
<kw name="Element Should Contain Text" library="AppiumLibrary">
<arg>${MENSAGEM_LOGIN}</arg>
<arg>Olá, vamos testar o Login?</arg>
<doc>Verifies element identified by ``locator`` contains text ``expected``.</doc>
<msg timestamp="20210922 23:15:54.013" level="INFO">Verifying element 'xpath=//*/android.view.ViewGroup[2]/android.widget.TextView[1]' contains text 'Olá, vamos testar o Login?'.</msg>
<status status="PASS" starttime="20210922 23:15:54.010" endtime="20210922 23:15:54.083"/>
</kw>
<status status="PASS" starttime="20210922 23:15:51.940" endtime="20210922 23:15:54.083"/>
</kw>
<kw name="inserir credenciais validas" library="loginTestPage">
<kw name="Input Text" library="AppiumLibrary">
<arg>${LOGIN}</arg>
<arg>admin</arg>
<doc>Types the given `text` into text field identified by `locator`.</doc>
<msg timestamp="20210922 23:15:54.086" level="INFO">Typing text 'admin' into text field 'xpath=//*/android.view.ViewGroup[2]/android.view.ViewGroup[1]/android.widget.EditText'</msg>
<status status="PASS" starttime="20210922 23:15:54.084" endtime="20210922 23:15:54.186"/>
</kw>
<kw name="Input Text" library="AppiumLibrary">
<arg>${SENHA}</arg>
<arg>admin</arg>
<doc>Types the given `text` into text field identified by `locator`.</doc>
<msg timestamp="20210922 23:15:54.190" level="INFO">Typing text 'admin' into text field 'xpath=//*/android.view.ViewGroup[2]/android.view.ViewGroup[2]/android.widget.EditText'</msg>
<status status="PASS" starttime="20210922 23:15:54.186" endtime="20210922 23:15:54.780"/>
</kw>
<kw name="Click Element" library="AppiumLibrary">
<arg>${SUBMIT}</arg>
<doc>Click element identified by `locator`.</doc>
<msg timestamp="20210922 23:15:54.784" level="INFO">Clicking element 'xpath=//*/android.view.ViewGroup[2]/android.view.ViewGroup[3]/android.widget.Button'.</msg>
<status status="PASS" starttime="20210922 23:15:54.781" endtime="20210922 23:15:55.361"/>
</kw>
<status status="PASS" starttime="20210922 23:15:54.083" endtime="20210922 23:15:55.361"/>
</kw>
<kw name="Validar mensagem login" library="loginTestPage">
<arg>Bem-vindo ao seu desafio!</arg>
<kw name="Wait Until Element Is Visible" library="AppiumLibrary">
<arg>${BOAS_VINDAS}</arg>
<doc>Waits until element specified with `locator` is visible.</doc>
<status status="PASS" starttime="20210922 23:15:55.362" endtime="20210922 23:15:55.450"/>
</kw>
<kw name="Sleep" library="BuiltIn">
<arg>2</arg>
<doc>Pauses the test executed for the given time.</doc>
<msg timestamp="20210922 23:15:57.452" level="INFO">Slept 2 seconds</msg>
<status status="PASS" starttime="20210922 23:15:55.451" endtime="20210922 23:15:57.452"/>
</kw>
<kw name="Get Text" library="AppiumLibrary">
<var>${MENSAGEM_ATUAL}</var>
<arg>${BOAS_VINDAS}</arg>
<doc>Get element text (for hybrid and mobile browser use `xpath` locator, others might cause problem)</doc>
<msg timestamp="20210922 23:15:57.642" level="INFO">Element 'xpath=//*/android.view.ViewGroup/android.view.ViewGroup[2]/android.widget.TextView[1]' text is 'Bem-vindo ao seu desafio!' </msg>
<msg timestamp="20210922 23:15:57.643" level="INFO">${MENSAGEM_ATUAL} = Bem-vindo ao seu desafio!</msg>
<status status="PASS" starttime="20210922 23:15:57.452" endtime="20210922 23:15:57.643"/>
</kw>
<kw name="Log" library="BuiltIn">
<arg>${MENSAGEM_ATUAL}</arg>
<doc>Logs the given message with the given level.</doc>
<msg timestamp="20210922 23:15:57.643" level="INFO">Bem-vindo ao seu desafio!</msg>
<status status="PASS" starttime="20210922 23:15:57.643" endtime="20210922 23:15:57.643"/>
</kw>
<kw name="Element Text Should Be" library="AppiumLibrary">
<arg>${BOAS_VINDAS}</arg>
<arg>${MENSAGEM_ESPERADA}</arg>
<doc>Verifies element identified by ``locator`` exactly contains text ``expected``.</doc>
<msg timestamp="20210922 23:15:57.647" level="INFO">Verifying element 'xpath=//*/android.view.ViewGroup/android.view.ViewGroup[2]/android.widget.TextView[1]' contains exactly text 'Bem-vindo ao seu desafio!'.</msg>
<status status="PASS" starttime="20210922 23:15:57.644" endtime="20210922 23:15:57.721"/>
</kw>
<kw name="Page Should Contain Text" library="AppiumLibrary">
<arg>${MENSAGEM_ATUAL}</arg>
<doc>Verifies that current page contains `text`.</doc>
<msg timestamp="20210922 23:15:57.877" level="INFO">Current page contains text 'Bem-vindo ao seu desafio!'.</msg>
<status status="PASS" starttime="20210922 23:15:57.721" endtime="20210922 23:15:57.877"/>
</kw>
<status status="PASS" starttime="20210922 23:15:55.361" endtime="20210922 23:15:57.877"/>
</kw>
<kw name="Close Test Application" library="appiumDriver" type="TEARDOWN">
<kw name="Close Application" library="AppiumLibrary">
<doc>Closes the current application and also close webdriver session.</doc>
<status status="PASS" starttime="20210922 23:15:57.878" endtime="20210922 23:15:58.316"/>
</kw>
<status status="PASS" starttime="20210922 23:15:57.878" endtime="20210922 23:15:58.316"/>
</kw>
<tag>loginSucesso</tag>
<status status="PASS" starttime="20210922 23:15:41.828" endtime="20210922 23:15:58.317"/>
</test>
<doc>O desafio consiste em criar um projeto de automação mobile, para um APK Android.</doc>
<status status="PASS" starttime="20210922 23:15:41.536" endtime="20210922 23:15:58.318"/>
</suite>
<statistics>
<total>
<stat pass="1" fail="0" skip="0">All Tests</stat>
</total>
<tag>
<stat pass="1" fail="0" skip="0">loginSucesso</stat>
</tag>
<suite>
<stat pass="1" fail="0" skip="0" id="s1" name="loginTest">loginTest</stat>
</suite>
</statistics>
<errors>
</errors>
</robot>
