<?xml version="1.0" encoding="UTF-8"?>
<robot generator="Robot 4.1.1 (Python 3.9.7 on win32)" generated="20210923 22:01:02.451" rpa="false" schemaversion="2">
<suite id="s1" name="Tests" source="E:\Projetos\Desafio Noesis\Automation-Mobile\tests">
<suite id="s1-s1" name="formTest" source="E:\Projetos\Desafio Noesis\Automation-Mobile\tests\formTest.robot">
<test id="s1-s1-t1" name="Deve selecionar duas techs mais usadas no seu dia a dia">
<kw name="Open Test Application" library="appiumDriver" type="SETUP">
<kw name="Set Appium Timeout" library="AppiumLibrary">
<arg>5</arg>
<doc>Sets the timeout in seconds used by various keywords.</doc>
<status status="PASS" starttime="20210923 22:01:02.836" endtime="20210923 22:01:02.836"/>
</kw>
<kw name="Open Application" library="AppiumLibrary">
<arg>http://127.0.0.1:4723/wd/hub</arg>
<arg>automationName=${ANDROID_AUTOMATION_NAME}</arg>
<arg>platformName=${ANDROID_PLATFORM_NAME}</arg>
<arg>platformVersion=${ANDROID_PLATFORM_VERSION}</arg>
<arg>app=${ANDROID_APP}</arg>
<arg>deviceName=${ANDROID_DEVICE_NAME}</arg>
<doc>Opens a new application to given Appium server.
Capabilities of appium server, Android and iOS,
Please check https://github.com/appium/appium/blob/master/docs/en/writing-running-appium/server-args.md
| *Option*            | *Man.* | *Description*     |
| remote_url          | Yes    | Appium server url |
| alias               | no     | alias             |</doc>
<status status="PASS" starttime="20210923 22:01:02.837" endtime="20210923 22:01:13.961"/>
</kw>
<status status="PASS" starttime="20210923 22:01:02.835" endtime="20210923 22:01:13.961"/>
</kw>
<kw name="Realiza login" library="listaTestPage">
<arg>Bem-vindo ao seu desafio!</arg>
<kw name="Wait Until Element Is Visible" library="AppiumLibrary">
<arg>${MENSAGEM_LOGIN}</arg>
<doc>Waits until element specified with `locator` is visible.</doc>
<status status="PASS" starttime="20210923 22:01:13.962" endtime="20210923 22:01:16.071"/>
</kw>
<kw name="Get Text" library="AppiumLibrary">
<var>${BEM_VINDO}</var>
<arg>${MENSAGEM_LOGIN}</arg>
<doc>Get element text (for hybrid and mobile browser use `xpath` locator, others might cause problem)</doc>
<msg timestamp="20210923 22:01:16.157" level="INFO">Element 'xpath=//*/android.view.ViewGroup[2]/android.widget.TextView[1]' text is 'Olá, vamos testar o Login?' </msg>
<msg timestamp="20210923 22:01:16.157" level="INFO">${BEM_VINDO} = Olá, vamos testar o Login?</msg>
<status status="PASS" starttime="20210923 22:01:16.072" endtime="20210923 22:01:16.157"/>
</kw>
<kw name="Log" library="BuiltIn">
<arg>${BEM_VINDO}</arg>
<doc>Logs the given message with the given level.</doc>
<msg timestamp="20210923 22:01:16.158" level="INFO">Olá, vamos testar o Login?</msg>
<status status="PASS" starttime="20210923 22:01:16.158" endtime="20210923 22:01:16.158"/>
</kw>
<kw name="Element Should Contain Text" library="AppiumLibrary">
<arg>${MENSAGEM_LOGIN}</arg>
<arg>Olá, vamos testar o Login?</arg>
<doc>Verifies element identified by ``locator`` contains text ``expected``.</doc>
<msg timestamp="20210923 22:01:16.162" level="INFO">Verifying element 'xpath=//*/android.view.ViewGroup[2]/android.widget.TextView[1]' contains text 'Olá, vamos testar o Login?'.</msg>
<status status="PASS" starttime="20210923 22:01:16.158" endtime="20210923 22:01:16.237"/>
</kw>
<kw name="Input Text" library="AppiumLibrary">
<arg>${LOGIN}</arg>
<arg>admin</arg>
<doc>Types the given `text` into text field identified by `locator`.</doc>
<msg timestamp="20210923 22:01:16.240" level="INFO">Typing text 'admin' into text field 'xpath=//*/android.view.ViewGroup[2]/android.view.ViewGroup[1]/android.widget.EditText'</msg>
<status status="PASS" starttime="20210923 22:01:16.237" endtime="20210923 22:01:16.856"/>
</kw>
<kw name="Input Text" library="AppiumLibrary">
<arg>${SENHA}</arg>
<arg>admin</arg>
<doc>Types the given `text` into text field identified by `locator`.</doc>
<msg timestamp="20210923 22:01:16.860" level="INFO">Typing text 'admin' into text field 'xpath=//*/android.view.ViewGroup[2]/android.view.ViewGroup[2]/android.widget.EditText'</msg>
<status status="PASS" starttime="20210923 22:01:16.856" endtime="20210923 22:01:17.946"/>
</kw>
<kw name="Click Element" library="AppiumLibrary">
<arg>${SUBMIT}</arg>
<doc>Click element identified by `locator`.</doc>
<msg timestamp="20210923 22:01:17.950" level="INFO">Clicking element 'xpath=//*/android.view.ViewGroup[2]/android.view.ViewGroup[3]/android.widget.Button'.</msg>
<status status="PASS" starttime="20210923 22:01:17.946" endtime="20210923 22:01:18.555"/>
</kw>
<kw name="Wait Until Element Is Visible" library="AppiumLibrary">
<arg>${BOAS_VINDAS}</arg>
<doc>Waits until element specified with `locator` is visible.</doc>
<status status="PASS" starttime="20210923 22:01:18.556" endtime="20210923 22:01:18.656"/>
</kw>
<kw name="Sleep" library="BuiltIn">
<arg>2</arg>
<doc>Pauses the test executed for the given time.</doc>
<msg timestamp="20210923 22:01:20.658" level="INFO">Slept 2 seconds</msg>
<status status="PASS" starttime="20210923 22:01:18.657" endtime="20210923 22:01:20.658"/>
</kw>
<kw name="Get Text" library="AppiumLibrary">
<var>${MENSAGEM_ATUAL}</var>
<arg>${BOAS_VINDAS}</arg>
<doc>Get element text (for hybrid and mobile browser use `xpath` locator, others might cause problem)</doc>
<msg timestamp="20210923 22:01:20.860" level="INFO">Element 'xpath=//*/android.view.ViewGroup/android.view.ViewGroup[2]/android.widget.TextView[1]' text is 'Bem-vindo ao seu desafio!' </msg>
<msg timestamp="20210923 22:01:20.860" level="INFO">${MENSAGEM_ATUAL} = Bem-vindo ao seu desafio!</msg>
<status status="PASS" starttime="20210923 22:01:20.658" endtime="20210923 22:01:20.860"/>
</kw>
<kw name="Log" library="BuiltIn">
<arg>${MENSAGEM_ATUAL}</arg>
<doc>Logs the given message with the given level.</doc>
<msg timestamp="20210923 22:01:20.860" level="INFO">Bem-vindo ao seu desafio!</msg>
<status status="PASS" starttime="20210923 22:01:20.860" endtime="20210923 22:01:20.861"/>
</kw>
<kw name="Element Text Should Be" library="AppiumLibrary">
<arg>${BOAS_VINDAS}</arg>
<arg>${MENSAGEM_ESPERADA}</arg>
<doc>Verifies element identified by ``locator`` exactly contains text ``expected``.</doc>
<msg timestamp="20210923 22:01:20.864" level="INFO">Verifying element 'xpath=//*/android.view.ViewGroup/android.view.ViewGroup[2]/android.widget.TextView[1]' contains exactly text 'Bem-vindo ao seu desafio!'.</msg>
<status status="PASS" starttime="20210923 22:01:20.861" endtime="20210923 22:01:20.941"/>
</kw>
<kw name="Page Should Contain Text" library="AppiumLibrary">
<arg>${MENSAGEM_ATUAL}</arg>
<doc>Verifies that current page contains `text`.</doc>
<msg timestamp="20210923 22:01:21.119" level="INFO">Current page contains text 'Bem-vindo ao seu desafio!'.</msg>
<status status="PASS" starttime="20210923 22:01:20.941" endtime="20210923 22:01:21.119"/>
</kw>
<status status="PASS" starttime="20210923 22:01:13.961" endtime="20210923 22:01:21.119"/>
</kw>
<kw name="Acessar o menu" library="listaTestPage">
<kw name="Wait Until Element Is Visible" library="AppiumLibrary">
<arg>${NAV_MENU}</arg>
<doc>Waits until element specified with `locator` is visible.</doc>
<status status="PASS" starttime="20210923 22:01:21.120" endtime="20210923 22:01:21.193"/>
</kw>
<kw name="Click Element" library="AppiumLibrary">
<arg>${NAV_MENU}</arg>
<doc>Click element identified by `locator`.</doc>
<msg timestamp="20210923 22:01:21.196" level="INFO">Clicking element 'xpath=//*/android.view.ViewGroup/android.view.ViewGroup/android.view.ViewGroup[1]/android.widget.TextView'.</msg>
<status status="PASS" starttime="20210923 22:01:21.193" endtime="20210923 22:01:21.321"/>
</kw>
<kw name="Sleep" library="BuiltIn">
<arg>2</arg>
<doc>Pauses the test executed for the given time.</doc>
<msg timestamp="20210923 22:01:23.323" level="INFO">Slept 2 seconds</msg>
<status status="PASS" starttime="20210923 22:01:21.322" endtime="20210923 22:01:23.323"/>
</kw>
<kw name="Get Text" library="AppiumLibrary">
<var>${NOME_EXPERADO}</var>
<arg>${NOME_PESSOA}</arg>
<doc>Get element text (for hybrid and mobile browser use `xpath` locator, others might cause problem)</doc>
<msg timestamp="20210923 22:01:23.425" level="INFO">Element 'xpath=//*/android.view.ViewGroup[1]/android.widget.ScrollView/android.view.ViewGroup/android.widget.TextView[1]' text is 'Joao da Silva' </msg>
<msg timestamp="20210923 22:01:23.425" level="INFO">${NOME_EXPERADO} = Joao da Silva</msg>
<status status="PASS" starttime="20210923 22:01:23.324" endtime="20210923 22:01:23.425"/>
</kw>
<kw name="Sleep" library="BuiltIn">
<arg>2</arg>
<doc>Pauses the test executed for the given time.</doc>
<msg timestamp="20210923 22:01:25.427" level="INFO">Slept 2 seconds</msg>
<status status="PASS" starttime="20210923 22:01:23.426" endtime="20210923 22:01:25.427"/>
</kw>
<kw name="Log" library="BuiltIn">
<arg>${NOME_EXPERADO}</arg>
<doc>Logs the given message with the given level.</doc>
<msg timestamp="20210923 22:01:25.428" level="INFO">Joao da Silva</msg>
<status status="PASS" starttime="20210923 22:01:25.427" endtime="20210923 22:01:25.428"/>
</kw>
<kw name="Element Text Should Be" library="AppiumLibrary">
<arg>${NOME_PESSOA}</arg>
<arg>Joao da Silva</arg>
<doc>Verifies element identified by ``locator`` exactly contains text ``expected``.</doc>
<msg timestamp="20210923 22:01:25.431" level="INFO">Verifying element 'xpath=//*/android.view.ViewGroup[1]/android.widget.ScrollView/android.view.ViewGroup/android.widget.TextView[1]' contains exactly text 'Joao da Silva'.</msg>
<status status="PASS" starttime="20210923 22:01:25.428" endtime="20210923 22:01:25.530"/>
</kw>
<status status="PASS" starttime="20210923 22:01:21.119" endtime="20210923 22:01:25.530"/>
</kw>
<kw name="Acessa opção Form" library="formTestPage">
<kw name="Wait Until Element Is Visible" library="AppiumLibrary">
<arg>${BOTAO_FORM}</arg>
<doc>Waits until element specified with `locator` is visible.</doc>
<status status="PASS" starttime="20210923 22:01:25.531" endtime="20210923 22:01:25.697"/>
</kw>
<kw name="Click Element" library="AppiumLibrary">
<arg>${BOTAO_FORM}</arg>
<doc>Click element identified by `locator`.</doc>
<msg timestamp="20210923 22:01:25.700" level="INFO">Clicking element 'xpath=//*/android.view.ViewGroup/android.view.ViewGroup[2]/android.widget.TextView[1]'.</msg>
<status status="PASS" starttime="20210923 22:01:25.697" endtime="20210923 22:01:25.810"/>
</kw>
<status status="PASS" starttime="20210923 22:01:25.530" endtime="20210923 22:01:25.810"/>
</kw>
<kw name="Selecionar Techs" library="formTestPage">
<kw name="Wait Until Element Is Visible" library="AppiumLibrary">
<arg>${MENSAGEM_OPCAO}</arg>
<doc>Waits until element specified with `locator` is visible.</doc>
<status status="PASS" starttime="20210923 22:01:25.811" endtime="20210923 22:01:25.902"/>
</kw>
<kw name="Get Text" library="AppiumLibrary">
<var>${text}</var>
<arg>${MENSAGEM_OPCAO}</arg>
<doc>Get element text (for hybrid and mobile browser use `xpath` locator, others might cause problem)</doc>
<msg timestamp="20210923 22:01:26.030" level="INFO">Element 'xpath=//*/android.view.ViewGroup/android.view.ViewGroup[2]/android.widget.TextView[1]' text is 'Bem-vindo ao seu desafio!' </msg>
<msg timestamp="20210923 22:01:26.031" level="INFO">${text} = Bem-vindo ao seu desafio!</msg>
<status status="PASS" starttime="20210923 22:01:25.902" endtime="20210923 22:01:26.031"/>
</kw>
<kw name="Log" library="BuiltIn">
<arg>${text}</arg>
<doc>Logs the given message with the given level.</doc>
<msg timestamp="20210923 22:01:26.031" level="INFO">Bem-vindo ao seu desafio!</msg>
<status status="PASS" starttime="20210923 22:01:26.031" endtime="20210923 22:01:26.031"/>
</kw>
<kw name="Sleep" library="BuiltIn">
<arg>2</arg>
<doc>Pauses the test executed for the given time.</doc>
<msg timestamp="20210923 22:01:28.033" level="INFO">Slept 2 seconds</msg>
<status status="PASS" starttime="20210923 22:01:26.031" endtime="20210923 22:01:28.033"/>
</kw>
<kw name="Click Element" library="AppiumLibrary">
<arg>${ROBOT_FRAMEWORK}</arg>
<doc>Click element identified by `locator`.</doc>
<msg timestamp="20210923 22:01:28.036" level="INFO">Clicking element 'xpath=//*/android.widget.ScrollView/android.view.ViewGroup/android.view.ViewGroup[7]/android.widget.CheckBox'.</msg>
<status status="PASS" starttime="20210923 22:01:28.033" endtime="20210923 22:01:28.205"/>
</kw>
<kw name="Wait Until Element Is Visible" library="AppiumLibrary">
<arg>${ROBOT_FRAMEWORK}</arg>
<doc>Waits until element specified with `locator` is visible.</doc>
<status status="PASS" starttime="20210923 22:01:28.205" endtime="20210923 22:01:28.859"/>
</kw>
<kw name="Element Attribute Should Match" library="AppiumLibrary">
<arg>${ROBOT_FRAMEWORK}</arg>
<arg>checked</arg>
<arg>true</arg>
<doc>Verify that an attribute of an element matches the expected criteria.</doc>
<msg timestamp="20210923 22:01:28.957" level="INFO">Element 'xpath=//*/android.widget.ScrollView/android.view.ViewGroup/android.view.ViewGroup[7]/android.widget.CheckBox' attribute 'checked' is 'true' </msg>
<status status="PASS" starttime="20210923 22:01:28.859" endtime="20210923 22:01:28.957"/>
</kw>
<kw name="Sleep" library="BuiltIn">
<arg>2</arg>
<doc>Pauses the test executed for the given time.</doc>
<msg timestamp="20210923 22:01:30.958" level="INFO">Slept 2 seconds</msg>
<status status="PASS" starttime="20210923 22:01:28.957" endtime="20210923 22:01:30.958"/>
</kw>
<kw name="Click Element" library="AppiumLibrary">
<arg>${PYTHON}</arg>
<doc>Click element identified by `locator`.</doc>
<msg timestamp="20210923 22:01:30.961" level="INFO">Clicking element 'xpath=//*/android.widget.ScrollView/android.view.ViewGroup/android.view.ViewGroup[2]/android.widget.CheckBox'.</msg>
<status status="PASS" starttime="20210923 22:01:30.958" endtime="20210923 22:01:31.085"/>
</kw>
<kw name="Wait Until Element Is Visible" library="AppiumLibrary">
<arg>${PYTHON}</arg>
<doc>Waits until element specified with `locator` is visible.</doc>
<status status="PASS" starttime="20210923 22:01:31.085" endtime="20210923 22:01:31.745"/>
</kw>
<kw name="Element Attribute Should Match" library="AppiumLibrary">
<arg>${PYTHON}</arg>
<arg>checked</arg>
<arg>true</arg>
<doc>Verify that an attribute of an element matches the expected criteria.</doc>
<msg timestamp="20210923 22:01:31.836" level="INFO">Element 'xpath=//*/android.widget.ScrollView/android.view.ViewGroup/android.view.ViewGroup[2]/android.widget.CheckBox' attribute 'checked' is 'true' </msg>
<status status="PASS" starttime="20210923 22:01:31.745" endtime="20210923 22:01:31.836"/>
</kw>
<status status="PASS" starttime="20210923 22:01:25.811" endtime="20210923 22:01:31.837"/>
</kw>
<kw name="Close Test Application" library="appiumDriver" type="TEARDOWN">
<kw name="Close Application" library="AppiumLibrary">
<doc>Closes the current application and also close webdriver session.</doc>
<status status="PASS" starttime="20210923 22:01:31.838" endtime="20210923 22:01:32.194"/>
</kw>
<status status="PASS" starttime="20210923 22:01:31.837" endtime="20210923 22:01:32.194"/>
</kw>
<tag>selecionaTechs</tag>
<status status="PASS" starttime="20210923 22:01:02.835" endtime="20210923 22:01:32.194"/>
</test>
<doc>O desafio consiste em criar um projeto de automação mobile, para um APK Android.</doc>
<status status="PASS" starttime="20210923 22:01:02.491" endtime="20210923 22:01:32.195"/>
</suite>
<status status="PASS" starttime="20210923 22:01:02.454" endtime="20210923 22:01:32.198"/>
</suite>
<statistics>
<total>
<stat pass="1" fail="0" skip="0">All Tests</stat>
</total>
<tag>
<stat pass="1" fail="0" skip="0">selecionaTechs</stat>
</tag>
<suite>
<stat pass="1" fail="0" skip="0" id="s1" name="Tests">Tests</stat>
<stat pass="1" fail="0" skip="0" id="s1-s1" name="formTest">Tests.formTest</stat>
</suite>
</statistics>
<errors>
</errors>
</robot>
